210618 222007.917|CONFIG|main|setFileHandlers|Now logging to C:\Users\user\Desktop\algorithm\pc2-9.4.1\bin\logs directory.
210618 222007.921|INFO|main|info|
210618 222007.924|INFO|main|info|Version 9.4.1 20170125 (Wednesday, January 25th 2017 02:54 UTC) Java ver 15.0.2 build 3850 Windows 10 10.0 (amd64) 
210618 222007.925|INFO|main|startLog|Working directory is C:\Users\user\Desktop\algorithm\pc2-9.4.1\bin
210618 222007.956|INFO|main|startLog|Process id is 408@MSI
210618 222007.956|INFO|main|start|Starting ConnectionManager...
210618 222008.029|INFO|main|start|Started ConnectionManager
210618 222008.035|INFO|main|setClientServerAndPort|INIFile File location: file:/C:/Users/user/Desktop/algorithm/pc2-9.4.1/bin/pc2v9.ini
210618 222008.035|INFO|main|setClientServerAndPort|setClientServerAndPort 140.115.54.193 parsed as 140.115.54.193 port 50002
210618 222008.035|INFO|main|info|Contacting server at 140.115.54.193:50002
210618 222008.036|INFO|main|connectToMyServer|Connecting to 140.115.54.193:50002
210618 222008.209|INFO|Thread-0|receiveUnencrypted|receiveUnencrypted(TransportWrapper, ConnectionHandlerID=Socket[addr=/140.115.54.193,port=50002,localport=54709]--1481993933575565119)
210618 222008.218|INFO|Thread-0|receiveUnencrypted|receiveUnencrypted Made a secret key for Socket[addr=/140.115.54.193,port=50002,localport=54709]--1481993933575565119 key is com.sun.crypto.provider.DESKey@fffe7cdc
210618 222008.219|INFO|Thread-0|getPublicKeyPacket|Generating Unencrypted Public Key Packet
210618 222008.219|INFO|Thread-0|getPublicKeyPacket|checking key:= SunJCE Diffie-Hellman Public Key:
y:
    26a21b79 50fdc25d c430aded d56e6ec8 05c3b4d0 e72d8888 d88a52de 2def8aca
    3b70a032 254c3c10 d17649c6 0f9c01ae a781d2df 1e3430c0 93e762ea 749be9d9
    0f9bdf44 8cb142f3 72324282 4fcc3e16 e1f90ce2 a2a95a6a 097cffb4 f527ebe7
    acda6287 f88ca786 ad55dab7 81bb6f91 17b11c96 c7ec5ab3 e3b7d4be f5098938
p:
    f488fd58 4e49dbcd 20b49de4 9107366b 336c380d 451d0f7c 88b31c7c 5b2d8ef6
    f3c923c0 43f0a55b 188d8ebb 558cb85d 38d334fd 7c175743 a31d186c de33212c
    b52aff3c e1b12940 18118d7c 84a70a72 d686c403 19c80729 7aca950c d9969fab
    d00a509b 0246d308 3d66a45d 419f9c7c bd894b22 1926baab a25ec355 e92f78c7
g:
    02
l:
    512
210618 222008.220|INFO|Thread-0|getPublicKeyPacket|packet:= edu.csus.ecs.pc2.core.transport.TransportWrapper@130bcd70
210618 231709.555|INFO|Thread-0|receive|SocketException in receive for Socket[addr=/140.115.54.193,port=50002,localport=54709]--1481993933575565119
|java.net.SocketException: 連線已被您主機上的軟體中止。
|    at sun.nio.ch.NioSocketImpl.implRead (NioSocketImpl.java:325)
|    at sun.nio.ch.NioSocketImpl.read (NioSocketImpl.java:350)
|    at sun.nio.ch.NioSocketImpl$1.read (NioSocketImpl.java:803)
|    at java.net.Socket$SocketInputStream.read (Socket.java:981)
|    at java.net.Socket$SocketInputStream.read (Socket.java:976)
|    at java.io.ObjectInputStream$PeekInputStream.peek (ObjectInputStream.java:2892)
|    at java.io.ObjectInputStream$BlockDataInputStream.peek (ObjectInputStream.java:3219)
|    at java.io.ObjectInputStream$BlockDataInputStream.peekByte (ObjectInputStream.java:3229)
|    at java.io.ObjectInputStream.readObject0 (ObjectInputStream.java:1663)
|    at java.io.ObjectInputStream.readObject (ObjectInputStream.java:519)
|    at java.io.ObjectInputStream.readObject (ObjectInputStream.java:477)
|    at edu.csus.ecs.pc2.core.transport.ConnectionHandlerThread.receive (ConnectionHandlerThread.java:151)
|    at edu.csus.ecs.pc2.core.transport.ConnectionHandlerClientThread.run (ConnectionHandlerClientThread.java:65)
210618 231709.570|FINER|Thread-0|run|THROW
|edu.csus.ecs.pc2.core.transport.TransportException: 連線已被您主機上的軟體中止。
|    at edu.csus.ecs.pc2.core.transport.ConnectionHandlerThread.receive (ConnectionHandlerThread.java:155)
|    at edu.csus.ecs.pc2.core.transport.ConnectionHandlerClientThread.run (ConnectionHandlerClientThread.java:65)
210618 231709.571|INFO|Thread-0|receive|SocketException in receive for Socket[addr=/140.115.54.193,port=50002,localport=54709]--1481993933575565119
|java.net.SocketException: Connection reset
|    at sun.nio.ch.NioSocketImpl.implRead (NioSocketImpl.java:323)
|    at sun.nio.ch.NioSocketImpl.read (NioSocketImpl.java:350)
|    at sun.nio.ch.NioSocketImpl$1.read (NioSocketImpl.java:803)
|    at java.net.Socket$SocketInputStream.read (Socket.java:981)
|    at java.net.Socket$SocketInputStream.read (Socket.java:976)
|    at java.io.ObjectInputStream$PeekInputStream.peek (ObjectInputStream.java:2892)
|    at java.io.ObjectInputStream$BlockDataInputStream.peek (ObjectInputStream.java:3219)
|    at java.io.ObjectInputStream$BlockDataInputStream.peekByte (ObjectInputStream.java:3229)
|    at java.io.ObjectInputStream.readObject0 (ObjectInputStream.java:1663)
|    at java.io.ObjectInputStream.readObject (ObjectInputStream.java:519)
|    at java.io.ObjectInputStream.readObject (ObjectInputStream.java:477)
|    at edu.csus.ecs.pc2.core.transport.ConnectionHandlerThread.receive (ConnectionHandlerThread.java:151)
|    at edu.csus.ecs.pc2.core.transport.ConnectionHandlerClientThread.run (ConnectionHandlerClientThread.java:65)
210618 231709.572|FINER|Thread-0|run|THROW
|edu.csus.ecs.pc2.core.transport.TransportException: Connection reset
|    at edu.csus.ecs.pc2.core.transport.ConnectionHandlerThread.receive (ConnectionHandlerThread.java:155)
|    at edu.csus.ecs.pc2.core.transport.ConnectionHandlerClientThread.run (ConnectionHandlerClientThread.java:65)
