210323 200645.812|CONFIG|main|setFileHandlers|Now logging to C:\Users\user\Desktop\algorithm\pc2-9.4.1\bin\logs directory.
210323 200645.819|INFO|main|info|
210323 200645.825|INFO|main|info|Version 9.4.1 20170125 (Wednesday, January 25th 2017 02:54 UTC) Java ver 15.0.2 build 3850 Windows 10 10.0 (amd64) 
210323 200645.826|INFO|main|startLog|Working directory is C:\Users\user\Desktop\algorithm\pc2-9.4.1\bin
210323 200645.871|INFO|main|startLog|Process id is 2576@MSI
210323 200645.871|INFO|main|start|Starting ConnectionManager...
210323 200645.938|INFO|main|start|Started ConnectionManager
210323 200645.944|INFO|main|setClientServerAndPort|INIFile File location: file:/C:/Users/user/Desktop/algorithm/pc2-9.4.1/bin/pc2v9.ini
210323 200645.944|INFO|main|setClientServerAndPort|setClientServerAndPort 140.115.54.193 parsed as 140.115.54.193 port 50002
210323 200645.944|INFO|main|info|Contacting server at 140.115.54.193:50002
210323 200645.945|INFO|main|connectToMyServer|Connecting to 140.115.54.193:50002
210323 200646.035|INFO|Thread-0|receiveUnencrypted|receiveUnencrypted(TransportWrapper, ConnectionHandlerID=Socket[addr=/140.115.54.193,port=50002,localport=62268]-8132262267567171818)
210323 200646.050|INFO|Thread-0|receiveUnencrypted|receiveUnencrypted Made a secret key for Socket[addr=/140.115.54.193,port=50002,localport=62268]-8132262267567171818 key is com.sun.crypto.provider.DESKey@fffe7989
210323 200646.050|INFO|Thread-0|getPublicKeyPacket|Generating Unencrypted Public Key Packet
210323 200646.051|INFO|Thread-0|getPublicKeyPacket|checking key:= SunJCE Diffie-Hellman Public Key:
y:
    7ef8b4d2 23c65ba8 58ad8709 722d7352 1824c6fd 5dc16a34 2c13443a 2ba8f8a4
    dda7e52c 4d5c6b42 f8f08bd8 e154f3fb 31e688b2 c8b7fc4a f3fce1a3 1788e4ba
    31ff0d5a e1bea512 8b5c8b49 0814a4e1 13035d21 4e406a58 e32cc701 a170e83a
    07da2d1b 34e1a135 8a911587 48d9ecfc eeb3ee29 353f4a9a 09e45fb0 6a942cda
p:
    f488fd58 4e49dbcd 20b49de4 9107366b 336c380d 451d0f7c 88b31c7c 5b2d8ef6
    f3c923c0 43f0a55b 188d8ebb 558cb85d 38d334fd 7c175743 a31d186c de33212c
    b52aff3c e1b12940 18118d7c 84a70a72 d686c403 19c80729 7aca950c d9969fab
    d00a509b 0246d308 3d66a45d 419f9c7c bd894b22 1926baab a25ec355 e92f78c7
g:
    02
l:
    512
210323 200646.051|INFO|Thread-0|getPublicKeyPacket|packet:= edu.csus.ecs.pc2.core.transport.TransportWrapper@15f18566
210323 202158.669|INFO|Thread-0|receive|SocketException in receive for Socket[addr=/140.115.54.193,port=50002,localport=62268]-8132262267567171818
|java.net.SocketException: 連線已被您主機上的軟體中止。
|    at sun.nio.ch.NioSocketImpl.implRead (NioSocketImpl.java:325)
|    at sun.nio.ch.NioSocketImpl.read (NioSocketImpl.java:350)
|    at sun.nio.ch.NioSocketImpl$1.read (NioSocketImpl.java:803)
|    at java.net.Socket$SocketInputStream.read (Socket.java:981)
|    at java.net.Socket$SocketInputStream.read (Socket.java:976)
|    at java.io.ObjectInputStream$PeekInputStream.peek (ObjectInputStream.java:2892)
|    at java.io.ObjectInputStream$BlockDataInputStream.peek (ObjectInputStream.java:3219)
|    at java.io.ObjectInputStream$BlockDataInputStream.peekByte (ObjectInputStream.java:3229)
|    at java.io.ObjectInputStream.readObject0 (ObjectInputStream.java:1663)
|    at java.io.ObjectInputStream.readObject (ObjectInputStream.java:519)
|    at java.io.ObjectInputStream.readObject (ObjectInputStream.java:477)
|    at edu.csus.ecs.pc2.core.transport.ConnectionHandlerThread.receive (ConnectionHandlerThread.java:151)
|    at edu.csus.ecs.pc2.core.transport.ConnectionHandlerClientThread.run (ConnectionHandlerClientThread.java:65)
210323 202158.672|FINER|Thread-0|run|THROW
|edu.csus.ecs.pc2.core.transport.TransportException: 連線已被您主機上的軟體中止。
|    at edu.csus.ecs.pc2.core.transport.ConnectionHandlerThread.receive (ConnectionHandlerThread.java:155)
|    at edu.csus.ecs.pc2.core.transport.ConnectionHandlerClientThread.run (ConnectionHandlerClientThread.java:65)
210323 202158.672|INFO|Thread-0|receive|SocketException in receive for Socket[addr=/140.115.54.193,port=50002,localport=62268]-8132262267567171818
|java.net.SocketException: Connection reset
|    at sun.nio.ch.NioSocketImpl.implRead (NioSocketImpl.java:323)
|    at sun.nio.ch.NioSocketImpl.read (NioSocketImpl.java:350)
|    at sun.nio.ch.NioSocketImpl$1.read (NioSocketImpl.java:803)
|    at java.net.Socket$SocketInputStream.read (Socket.java:981)
|    at java.net.Socket$SocketInputStream.read (Socket.java:976)
|    at java.io.ObjectInputStream$PeekInputStream.peek (ObjectInputStream.java:2892)
|    at java.io.ObjectInputStream$BlockDataInputStream.peek (ObjectInputStream.java:3219)
|    at java.io.ObjectInputStream$BlockDataInputStream.peekByte (ObjectInputStream.java:3229)
|    at java.io.ObjectInputStream.readObject0 (ObjectInputStream.java:1663)
|    at java.io.ObjectInputStream.readObject (ObjectInputStream.java:519)
|    at java.io.ObjectInputStream.readObject (ObjectInputStream.java:477)
|    at edu.csus.ecs.pc2.core.transport.ConnectionHandlerThread.receive (ConnectionHandlerThread.java:151)
|    at edu.csus.ecs.pc2.core.transport.ConnectionHandlerClientThread.run (ConnectionHandlerClientThread.java:65)
210323 202158.673|FINER|Thread-0|run|THROW
|edu.csus.ecs.pc2.core.transport.TransportException: Connection reset
|    at edu.csus.ecs.pc2.core.transport.ConnectionHandlerThread.receive (ConnectionHandlerThread.java:155)
|    at edu.csus.ecs.pc2.core.transport.ConnectionHandlerClientThread.run (ConnectionHandlerClientThread.java:65)
