210619 114523.124|CONFIG|main|setFileHandlers|Now logging to C:\Users\user\Desktop\algorithm\pc2-9.4.1\bin\logs directory.
210619 114523.129|INFO|main|info|
210619 114523.133|INFO|main|info|Version 9.4.1 20170125 (Wednesday, January 25th 2017 02:54 UTC) Java ver 15.0.2 build 3850 Windows 10 10.0 (amd64) 
210619 114523.134|INFO|main|startLog|Working directory is C:\Users\user\Desktop\algorithm\pc2-9.4.1\bin
210619 114523.184|INFO|main|startLog|Process id is 21448@MSI
210619 114523.184|INFO|main|start|Starting ConnectionManager...
210619 114523.259|INFO|main|start|Started ConnectionManager
210619 114523.264|INFO|main|setClientServerAndPort|INIFile File location: file:/C:/Users/user/Desktop/algorithm/pc2-9.4.1/bin/pc2v9.ini
210619 114523.265|INFO|main|setClientServerAndPort|setClientServerAndPort 140.115.54.193 parsed as 140.115.54.193 port 50002
210619 114523.265|INFO|main|info|Contacting server at 140.115.54.193:50002
210619 114523.266|INFO|main|connectToMyServer|Connecting to 140.115.54.193:50002
210619 114523.500|INFO|Thread-0|receiveUnencrypted|receiveUnencrypted(TransportWrapper, ConnectionHandlerID=Socket[addr=/140.115.54.193,port=50002,localport=51731]--2191254903621708868)
210619 114523.510|INFO|Thread-0|receiveUnencrypted|receiveUnencrypted Made a secret key for Socket[addr=/140.115.54.193,port=50002,localport=51731]--2191254903621708868 key is com.sun.crypto.provider.DESKey@18077
210619 114523.510|INFO|Thread-0|getPublicKeyPacket|Generating Unencrypted Public Key Packet
210619 114523.511|INFO|Thread-0|getPublicKeyPacket|checking key:= SunJCE Diffie-Hellman Public Key:
y:
    25568cca eb17de25 24e4e928 867272fb 5c04c3ca a146d5f5 8f0b54af 3a38c678
    856d3e33 39c6dbf4 2ba25048 cd0e8a96 95ac2a2c 23d95fda 7e75d94a 0a8e8aae
    f309202b 5bd23ebd 8edc6259 45ebc456 ae1c5ed1 02257a86 d9da7fac 11e79228
    518fd0f8 68d520a5 10e878fa 4a3702d2 3bc553aa a4b13601 e0ede637 d587c1a4
p:
    f488fd58 4e49dbcd 20b49de4 9107366b 336c380d 451d0f7c 88b31c7c 5b2d8ef6
    f3c923c0 43f0a55b 188d8ebb 558cb85d 38d334fd 7c175743 a31d186c de33212c
    b52aff3c e1b12940 18118d7c 84a70a72 d686c403 19c80729 7aca950c d9969fab
    d00a509b 0246d308 3d66a45d 419f9c7c bd894b22 1926baab a25ec355 e92f78c7
g:
    02
l:
    512
210619 114523.511|INFO|Thread-0|getPublicKeyPacket|packet:= edu.csus.ecs.pc2.core.transport.TransportWrapper@2290c72d
210619 121318.878|INFO|Thread-0|receive|SocketException in receive for Socket[addr=/140.115.54.193,port=50002,localport=51731]--2191254903621708868
|java.net.SocketException: 連線已被您主機上的軟體中止。
|    at sun.nio.ch.NioSocketImpl.implRead (NioSocketImpl.java:325)
|    at sun.nio.ch.NioSocketImpl.read (NioSocketImpl.java:350)
|    at sun.nio.ch.NioSocketImpl$1.read (NioSocketImpl.java:803)
|    at java.net.Socket$SocketInputStream.read (Socket.java:981)
|    at java.net.Socket$SocketInputStream.read (Socket.java:976)
|    at java.io.ObjectInputStream$PeekInputStream.peek (ObjectInputStream.java:2892)
|    at java.io.ObjectInputStream$BlockDataInputStream.peek (ObjectInputStream.java:3219)
|    at java.io.ObjectInputStream$BlockDataInputStream.peekByte (ObjectInputStream.java:3229)
|    at java.io.ObjectInputStream.readObject0 (ObjectInputStream.java:1663)
|    at java.io.ObjectInputStream.readObject (ObjectInputStream.java:519)
|    at java.io.ObjectInputStream.readObject (ObjectInputStream.java:477)
|    at edu.csus.ecs.pc2.core.transport.ConnectionHandlerThread.receive (ConnectionHandlerThread.java:151)
|    at edu.csus.ecs.pc2.core.transport.ConnectionHandlerClientThread.run (ConnectionHandlerClientThread.java:65)
210619 121318.885|FINER|Thread-0|run|THROW
|edu.csus.ecs.pc2.core.transport.TransportException: 連線已被您主機上的軟體中止。
|    at edu.csus.ecs.pc2.core.transport.ConnectionHandlerThread.receive (ConnectionHandlerThread.java:155)
|    at edu.csus.ecs.pc2.core.transport.ConnectionHandlerClientThread.run (ConnectionHandlerClientThread.java:65)
210619 121318.886|INFO|Thread-0|receive|SocketException in receive for Socket[addr=/140.115.54.193,port=50002,localport=51731]--2191254903621708868
|java.net.SocketException: Connection reset
|    at sun.nio.ch.NioSocketImpl.implRead (NioSocketImpl.java:323)
|    at sun.nio.ch.NioSocketImpl.read (NioSocketImpl.java:350)
|    at sun.nio.ch.NioSocketImpl$1.read (NioSocketImpl.java:803)
|    at java.net.Socket$SocketInputStream.read (Socket.java:981)
|    at java.net.Socket$SocketInputStream.read (Socket.java:976)
|    at java.io.ObjectInputStream$PeekInputStream.peek (ObjectInputStream.java:2892)
|    at java.io.ObjectInputStream$BlockDataInputStream.peek (ObjectInputStream.java:3219)
|    at java.io.ObjectInputStream$BlockDataInputStream.peekByte (ObjectInputStream.java:3229)
|    at java.io.ObjectInputStream.readObject0 (ObjectInputStream.java:1663)
|    at java.io.ObjectInputStream.readObject (ObjectInputStream.java:519)
|    at java.io.ObjectInputStream.readObject (ObjectInputStream.java:477)
|    at edu.csus.ecs.pc2.core.transport.ConnectionHandlerThread.receive (ConnectionHandlerThread.java:151)
|    at edu.csus.ecs.pc2.core.transport.ConnectionHandlerClientThread.run (ConnectionHandlerClientThread.java:65)
210619 121318.887|FINER|Thread-0|run|THROW
|edu.csus.ecs.pc2.core.transport.TransportException: Connection reset
|    at edu.csus.ecs.pc2.core.transport.ConnectionHandlerThread.receive (ConnectionHandlerThread.java:155)
|    at edu.csus.ecs.pc2.core.transport.ConnectionHandlerClientThread.run (ConnectionHandlerClientThread.java:65)
