210519 184952.382|CONFIG|main|setFileHandlers|Now logging to C:\Users\user\Desktop\algorithm\pc2-9.4.1\bin\logs directory.
210519 184952.386|INFO|main|info|
210519 184952.393|INFO|main|info|Version 9.4.1 20170125 (Wednesday, January 25th 2017 02:54 UTC) Java ver 15.0.2 build 3850 Windows 10 10.0 (amd64) 
210519 184952.393|INFO|main|startLog|Working directory is C:\Users\user\Desktop\algorithm\pc2-9.4.1\bin
210519 184952.448|INFO|main|startLog|Process id is 21740@MSI
210519 184952.449|INFO|main|start|Starting ConnectionManager...
210519 184952.558|INFO|main|start|Started ConnectionManager
210519 184952.564|INFO|main|setClientServerAndPort|INIFile File location: file:/C:/Users/user/Desktop/algorithm/pc2-9.4.1/bin/pc2v9.ini
210519 184952.564|INFO|main|setClientServerAndPort|setClientServerAndPort 140.115.54.193 parsed as 140.115.54.193 port 50002
210519 184952.564|INFO|main|info|Contacting server at 140.115.54.193:50002
210519 184952.565|INFO|main|connectToMyServer|Connecting to 140.115.54.193:50002
210519 184954.345|INFO|Thread-0|receiveUnencrypted|receiveUnencrypted(TransportWrapper, ConnectionHandlerID=Socket[addr=/140.115.54.193,port=50002,localport=53699]--2867779749835606020)
210519 184954.370|INFO|Thread-0|receiveUnencrypted|receiveUnencrypted Made a secret key for Socket[addr=/140.115.54.193,port=50002,localport=53699]--2867779749835606020 key is com.sun.crypto.provider.DESKey@fffe7a5e
210519 184954.370|INFO|Thread-0|getPublicKeyPacket|Generating Unencrypted Public Key Packet
210519 184954.371|INFO|Thread-0|getPublicKeyPacket|checking key:= SunJCE Diffie-Hellman Public Key:
y:
    8ce86114 d4a7a191 7a88c410 2c5bdbdf 4a5d8f42 a63b236e a60d83d3 131174f3
    486cd673 d4b6dd9d b7e10454 0f2d4ae0 95e87a0c bc1d506b c585e46c 2bca16ed
    3154ba70 55e447d6 d9d4e8bf fe8ca4e2 c63eb496 ac40bac3 76d1a14a 527f61fb
    a5575817 0e07b4c4 59ebb65e d886a309 ff277624 eb0d697a 18a3c475 e53d79ff
p:
    f488fd58 4e49dbcd 20b49de4 9107366b 336c380d 451d0f7c 88b31c7c 5b2d8ef6
    f3c923c0 43f0a55b 188d8ebb 558cb85d 38d334fd 7c175743 a31d186c de33212c
    b52aff3c e1b12940 18118d7c 84a70a72 d686c403 19c80729 7aca950c d9969fab
    d00a509b 0246d308 3d66a45d 419f9c7c bd894b22 1926baab a25ec355 e92f78c7
g:
    02
l:
    512
210519 184954.371|INFO|Thread-0|getPublicKeyPacket|packet:= edu.csus.ecs.pc2.core.transport.TransportWrapper@3757ee42
210519 195322.920|INFO|Thread-0|receive|SocketException in receive for Socket[addr=/140.115.54.193,port=50002,localport=53699]--2867779749835606020
|java.net.SocketException: Connection reset
|    at sun.nio.ch.NioSocketImpl.implRead (NioSocketImpl.java:323)
|    at sun.nio.ch.NioSocketImpl.read (NioSocketImpl.java:350)
|    at sun.nio.ch.NioSocketImpl$1.read (NioSocketImpl.java:803)
|    at java.net.Socket$SocketInputStream.read (Socket.java:981)
|    at java.net.Socket$SocketInputStream.read (Socket.java:976)
|    at java.io.ObjectInputStream$PeekInputStream.peek (ObjectInputStream.java:2892)
|    at java.io.ObjectInputStream$BlockDataInputStream.peek (ObjectInputStream.java:3219)
|    at java.io.ObjectInputStream$BlockDataInputStream.peekByte (ObjectInputStream.java:3229)
|    at java.io.ObjectInputStream.readObject0 (ObjectInputStream.java:1663)
|    at java.io.ObjectInputStream.readObject (ObjectInputStream.java:519)
|    at java.io.ObjectInputStream.readObject (ObjectInputStream.java:477)
|    at edu.csus.ecs.pc2.core.transport.ConnectionHandlerThread.receive (ConnectionHandlerThread.java:151)
|    at edu.csus.ecs.pc2.core.transport.ConnectionHandlerClientThread.run (ConnectionHandlerClientThread.java:65)
210519 195322.924|FINER|Thread-0|run|THROW
|edu.csus.ecs.pc2.core.transport.TransportException: Connection reset
|    at edu.csus.ecs.pc2.core.transport.ConnectionHandlerThread.receive (ConnectionHandlerThread.java:155)
|    at edu.csus.ecs.pc2.core.transport.ConnectionHandlerClientThread.run (ConnectionHandlerClientThread.java:65)
